0 info it worked if it ends with ok
1 verbose cli [ 'node',
1 verbose cli   '/usr/local/bin/npm',
1 verbose cli   'install',
1 verbose cli   'broswer-sync',
1 verbose cli   'gulp',
1 verbose cli   '--save-dev' ]
2 info using npm@1.4.28
3 info using node@v0.10.32
4 verbose readDependencies using package.json deps
5 verbose cache add [ 'broswer-sync', null ]
6 verbose cache add name=undefined spec="broswer-sync" args=["broswer-sync",null]
7 verbose parsed url { protocol: null,
7 verbose parsed url   slashes: null,
7 verbose parsed url   auth: null,
7 verbose parsed url   host: null,
7 verbose parsed url   port: null,
7 verbose parsed url   hostname: null,
7 verbose parsed url   hash: null,
7 verbose parsed url   search: null,
7 verbose parsed url   query: null,
7 verbose parsed url   pathname: 'broswer-sync',
7 verbose parsed url   path: 'broswer-sync',
7 verbose parsed url   href: 'broswer-sync' }
8 verbose cache add [ 'gulp', null ]
9 verbose cache add name=undefined spec="gulp" args=["gulp",null]
10 verbose parsed url { protocol: null,
10 verbose parsed url   slashes: null,
10 verbose parsed url   auth: null,
10 verbose parsed url   host: null,
10 verbose parsed url   port: null,
10 verbose parsed url   hostname: null,
10 verbose parsed url   hash: null,
10 verbose parsed url   search: null,
10 verbose parsed url   query: null,
10 verbose parsed url   pathname: 'gulp',
10 verbose parsed url   path: 'gulp',
10 verbose parsed url   href: 'gulp' }
11 silly lockFile 8d69259b-broswer-sync broswer-sync
12 verbose lock broswer-sync /Users/adrian.kopczewski/.npm/8d69259b-broswer-sync.lock
13 silly lockFile 9750c68d-gulp gulp
14 verbose lock gulp /Users/adrian.kopczewski/.npm/9750c68d-gulp.lock
15 silly lockFile 8d69259b-broswer-sync broswer-sync
16 silly lockFile 8d69259b-broswer-sync broswer-sync
17 silly lockFile 9750c68d-gulp gulp
18 silly lockFile 9750c68d-gulp gulp
19 verbose addNamed [ 'broswer-sync', '' ]
20 verbose addNamed [ null, '*' ]
21 silly lockFile ae4c5fd3-broswer-sync broswer-sync@
22 verbose lock broswer-sync@ /Users/adrian.kopczewski/.npm/ae4c5fd3-broswer-sync.lock
23 verbose addNamed [ 'gulp', '' ]
24 verbose addNamed [ null, '*' ]
25 silly lockFile 72f4391e-gulp gulp@
26 verbose lock gulp@ /Users/adrian.kopczewski/.npm/72f4391e-gulp.lock
27 silly addNameRange { name: 'broswer-sync', range: '*', hasData: false }
28 silly addNameRange { name: 'gulp', range: '*', hasData: false }
29 verbose request where is /broswer-sync
30 verbose request registry https://registry.npmjs.org/
31 verbose request id 2d9959d7e312abe6
32 verbose url raw /broswer-sync
33 verbose url resolving [ 'https://registry.npmjs.org/', './broswer-sync' ]
34 verbose url resolved https://registry.npmjs.org/broswer-sync
35 verbose request where is https://registry.npmjs.org/broswer-sync
36 info trying registry request attempt 1 at 14:13:53
37 http GET https://registry.npmjs.org/broswer-sync
38 verbose request where is /gulp
39 verbose request registry https://registry.npmjs.org/
40 verbose url raw /gulp
41 verbose url resolving [ 'https://registry.npmjs.org/', './gulp' ]
42 verbose url resolved https://registry.npmjs.org/gulp
43 verbose request where is https://registry.npmjs.org/gulp
44 info trying registry request attempt 1 at 14:13:53
45 verbose etag "6CJ39OTOYNPVC0ZY9TIQMPMT1"
46 http GET https://registry.npmjs.org/gulp
47 http 404 https://registry.npmjs.org/broswer-sync
48 verbose headers { server: 'CouchDB/1.5.0 (Erlang OTP/R16B03)',
48 verbose headers   'content-type': 'application/json',
48 verbose headers   'cache-control': 'max-age=0',
48 verbose headers   'content-length': '51',
48 verbose headers   'accept-ranges': 'bytes',
48 verbose headers   date: 'Thu, 25 Jun 2015 19:13:34 GMT',
48 verbose headers   via: '1.1 varnish',
48 verbose headers   age: '0',
48 verbose headers   connection: 'keep-alive',
48 verbose headers   'x-served-by': 'cache-jfk1035-JFK',
48 verbose headers   'x-cache': 'MISS',
48 verbose headers   'x-cache-hits': '0',
48 verbose headers   'x-timer': 'S1435259614.726779,VS0,VE22' }
49 silly registry.get cb [ 404,
49 silly registry.get   { server: 'CouchDB/1.5.0 (Erlang OTP/R16B03)',
49 silly registry.get     'content-type': 'application/json',
49 silly registry.get     'cache-control': 'max-age=0',
49 silly registry.get     'content-length': '51',
49 silly registry.get     'accept-ranges': 'bytes',
49 silly registry.get     date: 'Thu, 25 Jun 2015 19:13:34 GMT',
49 silly registry.get     via: '1.1 varnish',
49 silly registry.get     age: '0',
49 silly registry.get     connection: 'keep-alive',
49 silly registry.get     'x-served-by': 'cache-jfk1035-JFK',
49 silly registry.get     'x-cache': 'MISS',
49 silly registry.get     'x-cache-hits': '0',
49 silly registry.get     'x-timer': 'S1435259614.726779,VS0,VE22' } ]
50 silly lockFile ae4c5fd3-broswer-sync broswer-sync@
51 silly lockFile ae4c5fd3-broswer-sync broswer-sync@
52 http 304 https://registry.npmjs.org/gulp
53 silly registry.get cb [ 304,
53 silly registry.get   { date: 'Thu, 25 Jun 2015 19:13:34 GMT',
53 silly registry.get     via: '1.1 varnish',
53 silly registry.get     'cache-control': 'max-age=60',
53 silly registry.get     etag: '"6CJ39OTOYNPVC0ZY9TIQMPMT1"',
53 silly registry.get     age: '7',
53 silly registry.get     connection: 'keep-alive',
53 silly registry.get     'x-served-by': 'cache-jfk1032-JFK',
53 silly registry.get     'x-cache': 'HIT',
53 silly registry.get     'x-cache-hits': '2',
53 silly registry.get     'x-timer': 'S1435259614.794432,VS0,VE0',
53 silly registry.get     vary: 'Accept' } ]
54 verbose etag https://registry.npmjs.org/gulp from cache
55 silly addNameRange number 2 { name: 'gulp', range: '*', hasData: true }
56 silly addNameRange versions [ 'gulp',
56 silly addNameRange   [ '0.0.1',
56 silly addNameRange     '0.0.2',
56 silly addNameRange     '0.0.3',
56 silly addNameRange     '0.0.4',
56 silly addNameRange     '0.0.5',
56 silly addNameRange     '0.0.7',
56 silly addNameRange     '0.0.8',
56 silly addNameRange     '0.0.9',
56 silly addNameRange     '0.1.0',
56 silly addNameRange     '0.2.0',
56 silly addNameRange     '1.0.0',
56 silly addNameRange     '1.1.0',
56 silly addNameRange     '1.2.0',
56 silly addNameRange     '1.2.1',
56 silly addNameRange     '2.0.0',
56 silly addNameRange     '2.0.1',
56 silly addNameRange     '2.1.0',
56 silly addNameRange     '2.2.0',
56 silly addNameRange     '2.3.0',
56 silly addNameRange     '2.4.0',
56 silly addNameRange     '2.4.1',
56 silly addNameRange     '2.6.0',
56 silly addNameRange     '2.6.1',
56 silly addNameRange     '2.7.0',
56 silly addNameRange     '3.0.0',
56 silly addNameRange     '3.1.1',
56 silly addNameRange     '3.1.2',
56 silly addNameRange     '3.1.3',
56 silly addNameRange     '3.1.4',
56 silly addNameRange     '3.2.0',
56 silly addNameRange     '3.2.1',
56 silly addNameRange     '3.2.2',
56 silly addNameRange     '3.2.3',
56 silly addNameRange     '3.2.4',
56 silly addNameRange     '3.2.5',
56 silly addNameRange     '3.3.0',
56 silly addNameRange     '3.3.1',
56 silly addNameRange     '3.3.2',
56 silly addNameRange     '3.3.4',
56 silly addNameRange     '3.4.0',
56 silly addNameRange     '3.5.0',
56 silly addNameRange     '3.5.1',
56 silly addNameRange     '3.5.2',
56 silly addNameRange     '3.5.5',
56 silly addNameRange     '3.5.6',
56 silly addNameRange     '3.6.0',
56 silly addNameRange     '3.6.1',
56 silly addNameRange     '3.6.2',
56 silly addNameRange     '3.7.0',
56 silly addNameRange     '3.8.0',
56 silly addNameRange     '3.8.1',
56 silly addNameRange     '3.8.2',
56 silly addNameRange     '3.8.3',
56 silly addNameRange     '3.8.4',
56 silly addNameRange     '3.8.5',
56 silly addNameRange     '3.8.6',
56 silly addNameRange     '3.8.7',
56 silly addNameRange     '3.8.8',
56 silly addNameRange     '3.8.9',
56 silly addNameRange     '3.8.10',
56 silly addNameRange     '3.8.11',
56 silly addNameRange     '3.9.0' ] ]
57 verbose addNamed [ 'gulp', '3.9.0' ]
58 verbose addNamed [ '3.9.0', '3.9.0' ]
59 silly lockFile c2697a61-gulp-3-9-0 gulp@3.9.0
60 verbose lock gulp@3.9.0 /Users/adrian.kopczewski/.npm/c2697a61-gulp-3-9-0.lock
61 silly lockFile c2697a61-gulp-3-9-0 gulp@3.9.0
62 silly lockFile c2697a61-gulp-3-9-0 gulp@3.9.0
63 silly lockFile 72f4391e-gulp gulp@
64 silly lockFile 72f4391e-gulp gulp@
65 error 404 404 Not Found: broswer-sync
65 error 404
65 error 404 'broswer-sync' is not in the npm registry.
65 error 404 You should bug the author to publish it
65 error 404 It was specified as a dependency of 'gulpTest'
65 error 404
65 error 404 Note that you can also install from a
65 error 404 tarball, folder, or http url, or git url.
66 error System Darwin 14.1.0
67 error command "node" "/usr/local/bin/npm" "install" "broswer-sync" "gulp" "--save-dev"
68 error cwd /Users/adrian.kopczewski/gulpTest
69 error node -v v0.10.32
70 error npm -v 1.4.28
71 error code E404
72 verbose exit [ 1, true ]
